{"/Users/altoncheng/ocaas-project/backend/src/app.ts": {"path":"/Users/altoncheng/ocaas-project/backend/src/app.ts","statementMap":{"0":{"start":{"line":12,"column":6},"end":{"line":12,"column":null}},"1":{"start":{"line":15,"column":0},"end":{"line":15,"column":null}},"2":{"start":{"line":16,"column":0},"end":{"line":19,"column":null}},"3":{"start":{"line":20,"column":0},"end":{"line":20,"column":null}},"4":{"start":{"line":21,"column":0},"end":{"line":21,"column":null}},"5":{"start":{"line":22,"column":0},"end":{"line":22,"column":null}},"6":{"start":{"line":23,"column":0},"end":{"line":23,"column":null}},"7":{"start":{"line":26,"column":0},"end":{"line":28,"column":null}},"8":{"start":{"line":27,"column":2},"end":{"line":27,"column":null}},"9":{"start":{"line":31,"column":0},"end":{"line":31,"column":null}},"10":{"start":{"line":32,"column":0},"end":{"line":32,"column":null}},"11":{"start":{"line":35,"column":0},"end":{"line":37,"column":null}},"12":{"start":{"line":36,"column":2},"end":{"line":36,"column":null}},"13":{"start":{"line":40,"column":0},"end":{"line":40,"column":null}}},"fnMap":{"0":{"name":"(anonymous_0)","decl":{"start":{"line":26,"column":19},"end":{"line":26,"column":20}},"loc":{"start":{"line":26,"column":33},"end":{"line":28,"column":1}},"line":26},"1":{"name":"(anonymous_1)","decl":{"start":{"line":35,"column":8},"end":{"line":35,"column":9}},"loc":{"start":{"line":35,"column":28},"end":{"line":37,"column":1}},"line":35}},"branchMap":{"0":{"loc":{"start":{"line":17,"column":10},"end":{"line":17,"column":null}},"type":"binary-expr","locations":[{"start":{"line":17,"column":10},"end":{"line":17,"column":53}},{"start":{"line":17,"column":53},"end":{"line":17,"column":null}}],"line":17}},"s":{"0":2,"1":2,"2":2,"3":2,"4":2,"5":2,"6":2,"7":2,"8":0,"9":2,"10":2,"11":2,"12":0,"13":2},"f":{"0":0,"1":0},"b":{"0":[2,0]},"meta":{"lastBranch":1,"lastFunction":2,"lastStatement":14,"seen":{"s:12:6:12:Infinity":0,"s:15:0:15:Infinity":1,"s:16:0:19:Infinity":2,"b:17:10:17:53:17:53:17:Infinity":0,"s:20:0:20:Infinity":3,"s:21:0:21:Infinity":4,"s:22:0:22:Infinity":5,"s:23:0:23:Infinity":6,"s:26:0:28:Infinity":7,"f:26:19:26:20":0,"s:27:2:27:Infinity":8,"s:31:0:31:Infinity":9,"s:32:0:32:Infinity":10,"s:35:0:37:Infinity":11,"f:35:8:35:9":1,"s:36:2:36:Infinity":12,"s:40:0:40:Infinity":13}}}
,"/Users/altoncheng/ocaas-project/backend/src/config/prisma.ts": {"path":"/Users/altoncheng/ocaas-project/backend/src/config/prisma.ts","statementMap":{"0":{"start":{"line":5,"column":4},"end":{"line":7,"column":null}},"1":{"start":{"line":11,"column":4},"end":{"line":11,"column":null}},"2":{"start":{"line":15,"column":4},"end":{"line":15,"column":null}},"3":{"start":{"line":19,"column":22},"end":{"line":19,"column":null}}},"fnMap":{"0":{"name":"(anonymous_0)","decl":{"start":{"line":4,"column":2},"end":{"line":4,"column":16}},"loc":{"start":{"line":4,"column":16},"end":{"line":8,"column":null}},"line":4},"1":{"name":"(anonymous_1)","decl":{"start":{"line":10,"column":8},"end":{"line":10,"column":23}},"loc":{"start":{"line":10,"column":23},"end":{"line":12,"column":null}},"line":10},"2":{"name":"(anonymous_2)","decl":{"start":{"line":14,"column":8},"end":{"line":14,"column":26}},"loc":{"start":{"line":14,"column":26},"end":{"line":16,"column":null}},"line":14}},"branchMap":{"0":{"loc":{"start":{"line":6,"column":11},"end":{"line":6,"column":null}},"type":"cond-expr","locations":[{"start":{"line":6,"column":52},"end":{"line":6,"column":89}},{"start":{"line":6,"column":89},"end":{"line":6,"column":null}}],"line":6}},"s":{"0":2,"1":0,"2":0,"3":2},"f":{"0":2,"1":0,"2":0},"b":{"0":[0,2]},"meta":{"lastBranch":1,"lastFunction":3,"lastStatement":4,"seen":{"f:4:2:4:16":0,"s:5:4:7:Infinity":0,"b:6:52:6:89:6:89:6:Infinity":0,"f:10:8:10:23":1,"s:11:4:11:Infinity":1,"f:14:8:14:26":2,"s:15:4:15:Infinity":2,"s:19:22:19:Infinity":3}}}
,"/Users/altoncheng/ocaas-project/backend/src/controllers/agent.controller.ts": {"path":"/Users/altoncheng/ocaas-project/backend/src/controllers/agent.controller.ts","statementMap":{"0":{"start":{"line":7,"column":2},"end":{"line":14,"column":null}},"1":{"start":{"line":8,"column":34},"end":{"line":8,"column":null}},"2":{"start":{"line":9,"column":19},"end":{"line":9,"column":null}},"3":{"start":{"line":11,"column":18},"end":{"line":11,"column":null}},"4":{"start":{"line":13,"column":4},"end":{"line":13,"column":null}},"5":{"start":{"line":16,"column":2},"end":{"line":20,"column":null}},"6":{"start":{"line":17,"column":19},"end":{"line":17,"column":null}},"7":{"start":{"line":18,"column":19},"end":{"line":18,"column":null}},"8":{"start":{"line":19,"column":4},"end":{"line":19,"column":null}},"9":{"start":{"line":22,"column":2},"end":{"line":27,"column":null}},"10":{"start":{"line":23,"column":19},"end":{"line":23,"column":null}},"11":{"start":{"line":24,"column":20},"end":{"line":24,"column":null}},"12":{"start":{"line":25,"column":18},"end":{"line":25,"column":null}},"13":{"start":{"line":26,"column":4},"end":{"line":26,"column":null}},"14":{"start":{"line":29,"column":2},"end":{"line":34,"column":null}},"15":{"start":{"line":30,"column":19},"end":{"line":30,"column":null}},"16":{"start":{"line":31,"column":20},"end":{"line":31,"column":null}},"17":{"start":{"line":32,"column":4},"end":{"line":32,"column":null}},"18":{"start":{"line":33,"column":4},"end":{"line":33,"column":null}},"19":{"start":{"line":37,"column":31},"end":{"line":37,"column":null}}},"fnMap":{"0":{"name":"(anonymous_0)","decl":{"start":{"line":6,"column":7},"end":{"line":6,"column":13}},"loc":{"start":{"line":6,"column":7},"end":{"line":34,"column":null}},"line":6},"1":{"name":"(anonymous_1)","decl":{"start":{"line":7,"column":24},"end":{"line":7,"column":31}},"loc":{"start":{"line":7,"column":67},"end":{"line":14,"column":3}},"line":7},"2":{"name":"(anonymous_2)","decl":{"start":{"line":16,"column":22},"end":{"line":16,"column":29}},"loc":{"start":{"line":16,"column":65},"end":{"line":20,"column":3}},"line":16},"3":{"name":"(anonymous_3)","decl":{"start":{"line":22,"column":24},"end":{"line":22,"column":31}},"loc":{"start":{"line":22,"column":67},"end":{"line":27,"column":3}},"line":22},"4":{"name":"(anonymous_4)","decl":{"start":{"line":29,"column":24},"end":{"line":29,"column":31}},"loc":{"start":{"line":29,"column":67},"end":{"line":34,"column":3}},"line":29}},"branchMap":{},"s":{"0":2,"1":1,"2":1,"3":1,"4":1,"5":2,"6":1,"7":1,"8":1,"9":2,"10":0,"11":0,"12":0,"13":0,"14":2,"15":0,"16":0,"17":0,"18":0,"19":2},"f":{"0":2,"1":1,"2":1,"3":0,"4":0},"b":{},"meta":{"lastBranch":0,"lastFunction":5,"lastStatement":20,"seen":{"f:6:7:6:13":0,"s:7:2:14:Infinity":0,"f:7:24:7:31":1,"s:8:34:8:Infinity":1,"s:9:19:9:Infinity":2,"s:11:18:11:Infinity":3,"s:13:4:13:Infinity":4,"s:16:2:20:Infinity":5,"f:16:22:16:29":2,"s:17:19:17:Infinity":6,"s:18:19:18:Infinity":7,"s:19:4:19:Infinity":8,"s:22:2:27:Infinity":9,"f:22:24:22:31":3,"s:23:19:23:Infinity":10,"s:24:20:24:Infinity":11,"s:25:18:25:Infinity":12,"s:26:4:26:Infinity":13,"s:29:2:34:Infinity":14,"f:29:24:29:31":4,"s:30:19:30:Infinity":15,"s:31:20:31:Infinity":16,"s:32:4:32:Infinity":17,"s:33:4:33:Infinity":18,"s:37:31:37:Infinity":19}}}
,"/Users/altoncheng/ocaas-project/backend/src/controllers/auth.controller.ts": {"path":"/Users/altoncheng/ocaas-project/backend/src/controllers/auth.controller.ts","statementMap":{"0":{"start":{"line":6,"column":2},"end":{"line":10,"column":null}},"1":{"start":{"line":7,"column":38},"end":{"line":7,"column":null}},"2":{"start":{"line":8,"column":17},"end":{"line":8,"column":null}},"3":{"start":{"line":9,"column":4},"end":{"line":9,"column":null}},"4":{"start":{"line":12,"column":2},"end":{"line":31,"column":null}},"5":{"start":{"line":13,"column":32},"end":{"line":13,"column":null}},"6":{"start":{"line":14,"column":48},"end":{"line":14,"column":null}},"7":{"start":{"line":17,"column":4},"end":{"line":22,"column":null}},"8":{"start":{"line":24,"column":4},"end":{"line":30,"column":null}},"9":{"start":{"line":33,"column":2},"end":{"line":52,"column":null}},"10":{"start":{"line":34,"column":18},"end":{"line":34,"column":null}},"11":{"start":{"line":35,"column":4},"end":{"line":37,"column":null}},"12":{"start":{"line":36,"column":6},"end":{"line":36,"column":null}},"13":{"start":{"line":39,"column":59},"end":{"line":39,"column":null}},"14":{"start":{"line":41,"column":4},"end":{"line":46,"column":null}},"15":{"start":{"line":48,"column":4},"end":{"line":51,"column":null}},"16":{"start":{"line":54,"column":2},"end":{"line":61,"column":null}},"17":{"start":{"line":55,"column":18},"end":{"line":55,"column":null}},"18":{"start":{"line":56,"column":4},"end":{"line":58,"column":null}},"19":{"start":{"line":57,"column":6},"end":{"line":57,"column":null}},"20":{"start":{"line":59,"column":4},"end":{"line":59,"column":null}},"21":{"start":{"line":60,"column":4},"end":{"line":60,"column":null}},"22":{"start":{"line":64,"column":30},"end":{"line":64,"column":null}}},"fnMap":{"0":{"name":"(anonymous_0)","decl":{"start":{"line":5,"column":7},"end":{"line":5,"column":13}},"loc":{"start":{"line":5,"column":7},"end":{"line":61,"column":null}},"line":5},"1":{"name":"(anonymous_1)","decl":{"start":{"line":6,"column":24},"end":{"line":6,"column":31}},"loc":{"start":{"line":6,"column":63},"end":{"line":10,"column":3}},"line":6},"2":{"name":"(anonymous_2)","decl":{"start":{"line":12,"column":23},"end":{"line":12,"column":30}},"loc":{"start":{"line":12,"column":62},"end":{"line":31,"column":3}},"line":12},"3":{"name":"(anonymous_3)","decl":{"start":{"line":33,"column":25},"end":{"line":33,"column":32}},"loc":{"start":{"line":33,"column":64},"end":{"line":52,"column":3}},"line":33},"4":{"name":"(anonymous_4)","decl":{"start":{"line":54,"column":24},"end":{"line":54,"column":31}},"loc":{"start":{"line":54,"column":63},"end":{"line":61,"column":3}},"line":54}},"branchMap":{"0":{"loc":{"start":{"line":35,"column":4},"end":{"line":37,"column":null}},"type":"if","locations":[{"start":{"line":35,"column":4},"end":{"line":37,"column":null}},{"start":{},"end":{}}],"line":35},"1":{"loc":{"start":{"line":56,"column":4},"end":{"line":58,"column":null}},"type":"if","locations":[{"start":{"line":56,"column":4},"end":{"line":58,"column":null}},{"start":{},"end":{}}],"line":56}},"s":{"0":2,"1":6,"2":6,"3":5,"4":2,"5":3,"6":3,"7":3,"8":3,"9":2,"10":0,"11":0,"12":0,"13":0,"14":0,"15":0,"16":2,"17":1,"18":1,"19":1,"20":1,"21":1,"22":2},"f":{"0":2,"1":6,"2":3,"3":0,"4":1},"b":{"0":[0,0],"1":[1,0]},"meta":{"lastBranch":2,"lastFunction":5,"lastStatement":23,"seen":{"f:5:7:5:13":0,"s:6:2:10:Infinity":0,"f:6:24:6:31":1,"s:7:38:7:Infinity":1,"s:8:17:8:Infinity":2,"s:9:4:9:Infinity":3,"s:12:2:31:Infinity":4,"f:12:23:12:30":2,"s:13:32:13:Infinity":5,"s:14:48:14:Infinity":6,"s:17:4:22:Infinity":7,"s:24:4:30:Infinity":8,"s:33:2:52:Infinity":9,"f:33:25:33:32":3,"s:34:18:34:Infinity":10,"b:35:4:37:Infinity:undefined:undefined:undefined:undefined":0,"s:35:4:37:Infinity":11,"s:36:6:36:Infinity":12,"s:39:59:39:Infinity":13,"s:41:4:46:Infinity":14,"s:48:4:51:Infinity":15,"s:54:2:61:Infinity":16,"f:54:24:54:31":4,"s:55:18:55:Infinity":17,"b:56:4:58:Infinity:undefined:undefined:undefined:undefined":1,"s:56:4:58:Infinity":18,"s:57:6:57:Infinity":19,"s:59:4:59:Infinity":20,"s:60:4:60:Infinity":21,"s:64:30:64:Infinity":22}}}
,"/Users/altoncheng/ocaas-project/backend/src/middleware/authenticate.ts": {"path":"/Users/altoncheng/ocaas-project/backend/src/middleware/authenticate.ts","statementMap":{"0":{"start":{"line":11,"column":28},"end":{"line":26,"column":null}},"1":{"start":{"line":12,"column":21},"end":{"line":12,"column":null}},"2":{"start":{"line":13,"column":2},"end":{"line":15,"column":null}},"3":{"start":{"line":14,"column":4},"end":{"line":14,"column":null}},"4":{"start":{"line":17,"column":16},"end":{"line":17,"column":null}},"5":{"start":{"line":19,"column":2},"end":{"line":25,"column":null}},"6":{"start":{"line":20,"column":20},"end":{"line":20,"column":null}},"7":{"start":{"line":21,"column":4},"end":{"line":21,"column":null}},"8":{"start":{"line":22,"column":4},"end":{"line":22,"column":null}},"9":{"start":{"line":24,"column":4},"end":{"line":24,"column":null}}},"fnMap":{"0":{"name":"(anonymous_0)","decl":{"start":{"line":11,"column":28},"end":{"line":11,"column":29}},"loc":{"start":{"line":11,"column":85},"end":{"line":26,"column":null}},"line":11}},"branchMap":{"0":{"loc":{"start":{"line":13,"column":2},"end":{"line":15,"column":null}},"type":"if","locations":[{"start":{"line":13,"column":2},"end":{"line":15,"column":null}},{"start":{},"end":{}}],"line":13}},"s":{"0":2,"1":3,"2":3,"3":1,"4":2,"5":2,"6":2,"7":2,"8":2,"9":0},"f":{"0":3},"b":{"0":[1,2]},"meta":{"lastBranch":1,"lastFunction":1,"lastStatement":10,"seen":{"s:11:28:26:Infinity":0,"f:11:28:11:29":0,"s:12:21:12:Infinity":1,"b:13:2:15:Infinity:undefined:undefined:undefined:undefined":0,"s:13:2:15:Infinity":2,"s:14:4:14:Infinity":3,"s:17:16:17:Infinity":4,"s:19:2:25:Infinity":5,"s:20:20:20:Infinity":6,"s:21:4:21:Infinity":7,"s:22:4:22:Infinity":8,"s:24:4:24:Infinity":9}}}
,"/Users/altoncheng/ocaas-project/backend/src/middleware/errorHandler.ts": {"path":"/Users/altoncheng/ocaas-project/backend/src/middleware/errorHandler.ts","statementMap":{"0":{"start":{"line":4,"column":28},"end":{"line":34,"column":null}},"1":{"start":{"line":11,"column":2},"end":{"line":11,"column":null}},"2":{"start":{"line":12,"column":2},"end":{"line":12,"column":null}},"3":{"start":{"line":12,"column":17},"end":{"line":12,"column":null}},"4":{"start":{"line":14,"column":2},"end":{"line":20,"column":null}},"5":{"start":{"line":15,"column":4},"end":{"line":19,"column":null}},"6":{"start":{"line":26,"column":18},"end":{"line":28,"column":null}},"7":{"start":{"line":30,"column":2},"end":{"line":33,"column":null}},"8":{"start":{"line":36,"column":28},"end":{"line":40,"column":null}},"9":{"start":{"line":38,"column":5},"end":{"line":40,"column":null}},"10":{"start":{"line":39,"column":2},"end":{"line":39,"column":null}}},"fnMap":{"0":{"name":"(anonymous_0)","decl":{"start":{"line":4,"column":28},"end":{"line":4,"column":null}},"loc":{"start":{"line":9,"column":5},"end":{"line":34,"column":null}},"line":9},"1":{"name":"(anonymous_1)","decl":{"start":{"line":36,"column":28},"end":{"line":36,"column":null}},"loc":{"start":{"line":38,"column":5},"end":{"line":40,"column":null}},"line":38},"2":{"name":"(anonymous_2)","decl":{"start":{"line":38,"column":5},"end":{"line":38,"column":6}},"loc":{"start":{"line":38,"column":58},"end":{"line":40,"column":null}},"line":38}},"branchMap":{"0":{"loc":{"start":{"line":12,"column":2},"end":{"line":12,"column":null}},"type":"if","locations":[{"start":{"line":12,"column":2},"end":{"line":12,"column":null}},{"start":{},"end":{}}],"line":12},"1":{"loc":{"start":{"line":14,"column":2},"end":{"line":20,"column":null}},"type":"if","locations":[{"start":{"line":14,"column":2},"end":{"line":20,"column":null}},{"start":{},"end":{}}],"line":14},"2":{"loc":{"start":{"line":18,"column":10},"end":{"line":18,"column":null}},"type":"binary-expr","locations":[{"start":{"line":18,"column":10},"end":{"line":18,"column":44}},{"start":{"line":18,"column":44},"end":{"line":18,"column":null}}],"line":18},"3":{"loc":{"start":{"line":26,"column":18},"end":{"line":28,"column":null}},"type":"cond-expr","locations":[{"start":{"line":27,"column":6},"end":{"line":27,"column":null}},{"start":{"line":28,"column":6},"end":{"line":28,"column":null}}],"line":26}},"s":{"0":2,"1":2,"2":2,"3":2,"4":2,"5":2,"6":0,"7":2,"8":2,"9":16,"10":12},"f":{"0":2,"1":16,"2":12},"b":{"0":[2,0],"1":[2,0],"2":[2,0],"3":[0,0]},"meta":{"lastBranch":4,"lastFunction":3,"lastStatement":11,"seen":{"s:4:28:34:Infinity":0,"f:4:28:4:Infinity":0,"s:11:2:11:Infinity":1,"b:12:2:12:Infinity:undefined:undefined:undefined:undefined":0,"s:12:2:12:Infinity":2,"s:12:17:12:Infinity":3,"b:14:2:20:Infinity:undefined:undefined:undefined:undefined":1,"s:14:2:20:Infinity":4,"s:15:4:19:Infinity":5,"b:18:10:18:44:18:44:18:Infinity":2,"s:26:18:28:Infinity":6,"b:27:6:27:Infinity:28:6:28:Infinity":3,"s:30:2:33:Infinity":7,"s:36:28:40:Infinity":8,"f:36:28:36:Infinity":1,"s:38:5:40:Infinity":9,"f:38:5:38:6":2,"s:39:2:39:Infinity":10}}}
,"/Users/altoncheng/ocaas-project/backend/src/middleware/validate.ts": {"path":"/Users/altoncheng/ocaas-project/backend/src/middleware/validate.ts","statementMap":{"0":{"start":{"line":5,"column":24},"end":{"line":26,"column":null}},"1":{"start":{"line":6,"column":2},"end":{"line":25,"column":null}},"2":{"start":{"line":7,"column":4},"end":{"line":24,"column":null}},"3":{"start":{"line":8,"column":6},"end":{"line":12,"column":null}},"4":{"start":{"line":13,"column":6},"end":{"line":13,"column":null}},"5":{"start":{"line":15,"column":6},"end":{"line":23,"column":null}},"6":{"start":{"line":16,"column":23},"end":{"line":19,"column":null}},"7":{"start":{"line":16,"column":48},"end":{"line":19,"column":10}},"8":{"start":{"line":20,"column":8},"end":{"line":20,"column":null}},"9":{"start":{"line":22,"column":8},"end":{"line":22,"column":null}}},"fnMap":{"0":{"name":"(anonymous_0)","decl":{"start":{"line":5,"column":24},"end":{"line":5,"column":25}},"loc":{"start":{"line":5,"column":47},"end":{"line":26,"column":null}},"line":5},"1":{"name":"(anonymous_1)","decl":{"start":{"line":6,"column":9},"end":{"line":6,"column":16}},"loc":{"start":{"line":6,"column":68},"end":{"line":25,"column":null}},"line":6},"2":{"name":"(anonymous_2)","decl":{"start":{"line":16,"column":40},"end":{"line":16,"column":41}},"loc":{"start":{"line":16,"column":48},"end":{"line":19,"column":10}},"line":16}},"branchMap":{"0":{"loc":{"start":{"line":15,"column":6},"end":{"line":23,"column":null}},"type":"if","locations":[{"start":{"line":15,"column":6},"end":{"line":23,"column":null}},{"start":{"line":21,"column":13},"end":{"line":23,"column":null}}],"line":15}},"s":{"0":2,"1":6,"2":10,"3":10,"4":10,"5":0,"6":0,"7":0,"8":0,"9":0},"f":{"0":6,"1":10,"2":0},"b":{"0":[0,0]},"meta":{"lastBranch":1,"lastFunction":3,"lastStatement":10,"seen":{"s:5:24:26:Infinity":0,"f:5:24:5:25":0,"s:6:2:25:Infinity":1,"f:6:9:6:16":1,"s:7:4:24:Infinity":2,"s:8:6:12:Infinity":3,"s:13:6:13:Infinity":4,"b:15:6:23:Infinity:21:13:23:Infinity":0,"s:15:6:23:Infinity":5,"s:16:23:19:Infinity":6,"f:16:40:16:41":2,"s:16:48:19:10":7,"s:20:8:20:Infinity":8,"s:22:8:22:Infinity":9}}}
,"/Users/altoncheng/ocaas-project/backend/src/routes/agent.routes.ts": {"path":"/Users/altoncheng/ocaas-project/backend/src/routes/agent.routes.ts","statementMap":{"0":{"start":{"line":7,"column":6},"end":{"line":7,"column":null}},"1":{"start":{"line":9,"column":26},"end":{"line":14,"column":null}},"2":{"start":{"line":16,"column":0},"end":{"line":16,"column":null}},"3":{"start":{"line":18,"column":0},"end":{"line":18,"column":null}},"4":{"start":{"line":19,"column":0},"end":{"line":19,"column":null}},"5":{"start":{"line":20,"column":0},"end":{"line":20,"column":null}},"6":{"start":{"line":21,"column":0},"end":{"line":21,"column":null}}},"fnMap":{},"branchMap":{},"s":{"0":2,"1":2,"2":2,"3":2,"4":2,"5":2,"6":2},"f":{},"b":{},"meta":{"lastBranch":0,"lastFunction":0,"lastStatement":7,"seen":{"s:7:6:7:Infinity":0,"s:9:26:14:Infinity":1,"s:16:0:16:Infinity":2,"s:18:0:18:Infinity":3,"s:19:0:19:Infinity":4,"s:20:0:20:Infinity":5,"s:21:0:21:Infinity":6}}}
,"/Users/altoncheng/ocaas-project/backend/src/routes/auth.routes.ts": {"path":"/Users/altoncheng/ocaas-project/backend/src/routes/auth.routes.ts","statementMap":{"0":{"start":{"line":6,"column":6},"end":{"line":6,"column":null}},"1":{"start":{"line":8,"column":21},"end":{"line":14,"column":null}},"2":{"start":{"line":16,"column":20},"end":{"line":21,"column":null}},"3":{"start":{"line":23,"column":0},"end":{"line":23,"column":null}},"4":{"start":{"line":24,"column":0},"end":{"line":24,"column":null}},"5":{"start":{"line":25,"column":0},"end":{"line":25,"column":null}},"6":{"start":{"line":26,"column":0},"end":{"line":26,"column":null}}},"fnMap":{},"branchMap":{},"s":{"0":2,"1":2,"2":2,"3":2,"4":2,"5":2,"6":2},"f":{},"b":{},"meta":{"lastBranch":0,"lastFunction":0,"lastStatement":7,"seen":{"s:6:6:6:Infinity":0,"s:8:21:14:Infinity":1,"s:16:20:21:Infinity":2,"s:23:0:23:Infinity":3,"s:24:0:24:Infinity":4,"s:25:0:25:Infinity":5,"s:26:0:26:Infinity":6}}}
,"/Users/altoncheng/ocaas-project/backend/src/services/agent.service.ts": {"path":"/Users/altoncheng/ocaas-project/backend/src/services/agent.service.ts","statementMap":{"0":{"start":{"line":6,"column":18},"end":{"line":12,"column":null}},"1":{"start":{"line":13,"column":4},"end":{"line":13,"column":null}},"2":{"start":{"line":17,"column":19},"end":{"line":22,"column":null}},"3":{"start":{"line":23,"column":4},"end":{"line":23,"column":null}},"4":{"start":{"line":27,"column":18},"end":{"line":33,"column":null}},"5":{"start":{"line":35,"column":4},"end":{"line":37,"column":null}},"6":{"start":{"line":36,"column":6},"end":{"line":36,"column":null}},"7":{"start":{"line":39,"column":4},"end":{"line":39,"column":null}},"8":{"start":{"line":44,"column":4},"end":{"line":53,"column":null}},"9":{"start":{"line":57,"column":28},"end":{"line":57,"column":null}}},"fnMap":{"0":{"name":"(anonymous_0)","decl":{"start":{"line":5,"column":8},"end":{"line":5,"column":20}},"loc":{"start":{"line":5,"column":71},"end":{"line":14,"column":null}},"line":5},"1":{"name":"(anonymous_1)","decl":{"start":{"line":16,"column":8},"end":{"line":16,"column":18}},"loc":{"start":{"line":16,"column":34},"end":{"line":24,"column":null}},"line":16},"2":{"name":"(anonymous_2)","decl":{"start":{"line":26,"column":8},"end":{"line":26,"column":21}},"loc":{"start":{"line":26,"column":54},"end":{"line":40,"column":null}},"line":26},"3":{"name":"(anonymous_3)","decl":{"start":{"line":42,"column":8},"end":{"line":42,"column":20}},"loc":{"start":{"line":42,"column":53},"end":{"line":54,"column":null}},"line":42}},"branchMap":{"0":{"loc":{"start":{"line":35,"column":4},"end":{"line":37,"column":null}},"type":"if","locations":[{"start":{"line":35,"column":4},"end":{"line":37,"column":null}},{"start":{},"end":{}}],"line":35}},"s":{"0":1,"1":1,"2":1,"3":1,"4":0,"5":0,"6":0,"7":0,"8":0,"9":2},"f":{"0":1,"1":1,"2":0,"3":0},"b":{"0":[0,0]},"meta":{"lastBranch":1,"lastFunction":4,"lastStatement":10,"seen":{"f:5:8:5:20":0,"s:6:18:12:Infinity":0,"s:13:4:13:Infinity":1,"f:16:8:16:18":1,"s:17:19:22:Infinity":2,"s:23:4:23:Infinity":3,"f:26:8:26:21":2,"s:27:18:33:Infinity":4,"b:35:4:37:Infinity:undefined:undefined:undefined:undefined":0,"s:35:4:37:Infinity":5,"s:36:6:36:Infinity":6,"s:39:4:39:Infinity":7,"f:42:8:42:20":3,"s:44:4:53:Infinity":8,"s:57:28:57:Infinity":9}}}
,"/Users/altoncheng/ocaas-project/backend/src/services/auth.service.ts": {"path":"/Users/altoncheng/ocaas-project/backend/src/services/auth.service.ts","statementMap":{"0":{"start":{"line":6,"column":22},"end":{"line":6,"column":null}},"1":{"start":{"line":7,"column":28},"end":{"line":7,"column":null}},"2":{"start":{"line":8,"column":29},"end":{"line":8,"column":null}},"3":{"start":{"line":12,"column":25},"end":{"line":12,"column":null}},"4":{"start":{"line":13,"column":4},"end":{"line":15,"column":null}},"5":{"start":{"line":14,"column":6},"end":{"line":14,"column":null}},"6":{"start":{"line":17,"column":25},"end":{"line":17,"column":null}},"7":{"start":{"line":19,"column":17},"end":{"line":31,"column":null}},"8":{"start":{"line":33,"column":4},"end":{"line":33,"column":null}},"9":{"start":{"line":37,"column":17},"end":{"line":37,"column":null}},"10":{"start":{"line":38,"column":4},"end":{"line":40,"column":null}},"11":{"start":{"line":39,"column":6},"end":{"line":39,"column":null}},"12":{"start":{"line":42,"column":28},"end":{"line":42,"column":null}},"13":{"start":{"line":43,"column":4},"end":{"line":45,"column":null}},"14":{"start":{"line":44,"column":6},"end":{"line":44,"column":null}},"15":{"start":{"line":47,"column":19},"end":{"line":47,"column":null}},"16":{"start":{"line":50,"column":4},"end":{"line":56,"column":null}},"17":{"start":{"line":58,"column":4},"end":{"line":66,"column":null}},"18":{"start":{"line":70,"column":31},"end":{"line":73,"column":null}},"19":{"start":{"line":75,"column":4},"end":{"line":80,"column":null}},"20":{"start":{"line":76,"column":6},"end":{"line":78,"column":null}},"21":{"start":{"line":77,"column":8},"end":{"line":77,"column":null}},"22":{"start":{"line":79,"column":6},"end":{"line":79,"column":null}},"23":{"start":{"line":82,"column":19},"end":{"line":82,"column":null}},"24":{"start":{"line":85,"column":4},"end":{"line":94,"column":null}},"25":{"start":{"line":96,"column":4},"end":{"line":96,"column":null}},"26":{"start":{"line":100,"column":4},"end":{"line":100,"column":null}},"27":{"start":{"line":104,"column":24},"end":{"line":108,"column":null}},"28":{"start":{"line":110,"column":25},"end":{"line":114,"column":null}},"29":{"start":{"line":116,"column":4},"end":{"line":116,"column":null}},"30":{"start":{"line":120,"column":27},"end":{"line":120,"column":null}}},"fnMap":{"0":{"name":"(anonymous_0)","decl":{"start":{"line":11,"column":8},"end":{"line":11,"column":15}},"loc":{"start":{"line":11,"column":63},"end":{"line":34,"column":null}},"line":11},"1":{"name":"(anonymous_1)","decl":{"start":{"line":36,"column":8},"end":{"line":36,"column":14}},"loc":{"start":{"line":36,"column":47},"end":{"line":67,"column":null}},"line":36},"2":{"name":"(anonymous_2)","decl":{"start":{"line":69,"column":8},"end":{"line":69,"column":16}},"loc":{"start":{"line":69,"column":31},"end":{"line":97,"column":null}},"line":69},"3":{"name":"(anonymous_3)","decl":{"start":{"line":99,"column":8},"end":{"line":99,"column":15}},"loc":{"start":{"line":99,"column":30},"end":{"line":101,"column":null}},"line":99},"4":{"name":"(anonymous_4)","decl":{"start":{"line":103,"column":10},"end":{"line":103,"column":25}},"loc":{"start":{"line":103,"column":41},"end":{"line":117,"column":null}},"line":103}},"branchMap":{"0":{"loc":{"start":{"line":13,"column":4},"end":{"line":15,"column":null}},"type":"if","locations":[{"start":{"line":13,"column":4},"end":{"line":15,"column":null}},{"start":{},"end":{}}],"line":13},"1":{"loc":{"start":{"line":38,"column":4},"end":{"line":40,"column":null}},"type":"if","locations":[{"start":{"line":38,"column":4},"end":{"line":40,"column":null}},{"start":{},"end":{}}],"line":38},"2":{"loc":{"start":{"line":43,"column":4},"end":{"line":45,"column":null}},"type":"if","locations":[{"start":{"line":43,"column":4},"end":{"line":45,"column":null}},{"start":{},"end":{}}],"line":43},"3":{"loc":{"start":{"line":75,"column":4},"end":{"line":80,"column":null}},"type":"if","locations":[{"start":{"line":75,"column":4},"end":{"line":80,"column":null}},{"start":{},"end":{}}],"line":75},"4":{"loc":{"start":{"line":75,"column":8},"end":{"line":75,"column":74}},"type":"binary-expr","locations":[{"start":{"line":75,"column":8},"end":{"line":75,"column":31}},{"start":{"line":75,"column":31},"end":{"line":75,"column":74}}],"line":75},"5":{"loc":{"start":{"line":76,"column":6},"end":{"line":78,"column":null}},"type":"if","locations":[{"start":{"line":76,"column":6},"end":{"line":78,"column":null}},{"start":{},"end":{}}],"line":76}},"s":{"0":2,"1":2,"2":2,"3":6,"4":6,"5":1,"6":5,"7":5,"8":5,"9":3,"10":3,"11":0,"12":3,"13":3,"14":0,"15":3,"16":3,"17":3,"18":0,"19":0,"20":0,"21":0,"22":0,"23":0,"24":0,"25":0,"26":1,"27":3,"28":3,"29":3,"30":2},"f":{"0":6,"1":3,"2":0,"3":1,"4":3},"b":{"0":[1,5],"1":[0,3],"2":[0,3],"3":[0,0],"4":[0,0],"5":[0,0]},"meta":{"lastBranch":6,"lastFunction":5,"lastStatement":31,"seen":{"s:6:22:6:Infinity":0,"s:7:28:7:Infinity":1,"s:8:29:8:Infinity":2,"f:11:8:11:15":0,"s:12:25:12:Infinity":3,"b:13:4:15:Infinity:undefined:undefined:undefined:undefined":0,"s:13:4:15:Infinity":4,"s:14:6:14:Infinity":5,"s:17:25:17:Infinity":6,"s:19:17:31:Infinity":7,"s:33:4:33:Infinity":8,"f:36:8:36:14":1,"s:37:17:37:Infinity":9,"b:38:4:40:Infinity:undefined:undefined:undefined:undefined":1,"s:38:4:40:Infinity":10,"s:39:6:39:Infinity":11,"s:42:28:42:Infinity":12,"b:43:4:45:Infinity:undefined:undefined:undefined:undefined":2,"s:43:4:45:Infinity":13,"s:44:6:44:Infinity":14,"s:47:19:47:Infinity":15,"s:50:4:56:Infinity":16,"s:58:4:66:Infinity":17,"f:69:8:69:16":2,"s:70:31:73:Infinity":18,"b:75:4:80:Infinity:undefined:undefined:undefined:undefined":3,"s:75:4:80:Infinity":19,"b:75:8:75:31:75:31:75:74":4,"b:76:6:78:Infinity:undefined:undefined:undefined:undefined":5,"s:76:6:78:Infinity":20,"s:77:8:77:Infinity":21,"s:79:6:79:Infinity":22,"s:82:19:82:Infinity":23,"s:85:4:94:Infinity":24,"s:96:4:96:Infinity":25,"f:99:8:99:15":3,"s:100:4:100:Infinity":26,"f:103:10:103:25":4,"s:104:24:108:Infinity":27,"s:110:25:114:Infinity":28,"s:116:4:116:Infinity":29,"s:120:27:120:Infinity":30}}}
,"/Users/altoncheng/ocaas-project/backend/src/utils/errors.ts": {"path":"/Users/altoncheng/ocaas-project/backend/src/utils/errors.ts","statementMap":{"0":{"start":{"line":7,"column":4},"end":{"line":7,"column":null}},"1":{"start":{"line":3,"column":11},"end":{"line":3,"column":null}},"2":{"start":{"line":4,"column":11},"end":{"line":4,"column":32}},"3":{"start":{"line":5,"column":11},"end":{"line":5,"column":36}},"4":{"start":{"line":8,"column":4},"end":{"line":8,"column":null}},"5":{"start":{"line":9,"column":4},"end":{"line":9,"column":null}},"6":{"start":{"line":15,"column":4},"end":{"line":15,"column":null}},"7":{"start":{"line":14,"column":38},"end":{"line":14,"column":54}},"8":{"start":{"line":21,"column":4},"end":{"line":21,"column":null}},"9":{"start":{"line":27,"column":4},"end":{"line":27,"column":null}},"10":{"start":{"line":33,"column":4},"end":{"line":33,"column":null}},"11":{"start":{"line":39,"column":4},"end":{"line":39,"column":null}}},"fnMap":{"0":{"name":"(anonymous_0)","decl":{"start":{"line":2,"column":2},"end":{"line":2,"column":null}},"loc":{"start":{"line":6,"column":4},"end":{"line":10,"column":null}},"line":6},"1":{"name":"(anonymous_1)","decl":{"start":{"line":14,"column":2},"end":{"line":14,"column":14}},"loc":{"start":{"line":14,"column":54},"end":{"line":16,"column":null}},"line":14},"2":{"name":"(anonymous_2)","decl":{"start":{"line":20,"column":2},"end":{"line":20,"column":14}},"loc":{"start":{"line":20,"column":46},"end":{"line":22,"column":null}},"line":20},"3":{"name":"(anonymous_3)","decl":{"start":{"line":26,"column":2},"end":{"line":26,"column":14}},"loc":{"start":{"line":26,"column":40},"end":{"line":28,"column":null}},"line":26},"4":{"name":"(anonymous_4)","decl":{"start":{"line":32,"column":2},"end":{"line":32,"column":14}},"loc":{"start":{"line":32,"column":37},"end":{"line":34,"column":null}},"line":32},"5":{"name":"(anonymous_5)","decl":{"start":{"line":38,"column":2},"end":{"line":38,"column":14}},"loc":{"start":{"line":38,"column":31},"end":{"line":40,"column":null}},"line":38}},"branchMap":{"0":{"loc":{"start":{"line":4,"column":11},"end":{"line":4,"column":null}},"type":"default-arg","locations":[{"start":{"line":4,"column":32},"end":{"line":4,"column":null}}],"line":4},"1":{"loc":{"start":{"line":5,"column":11},"end":{"line":5,"column":null}},"type":"default-arg","locations":[{"start":{"line":5,"column":36},"end":{"line":5,"column":null}}],"line":5},"2":{"loc":{"start":{"line":20,"column":14},"end":{"line":20,"column":46}},"type":"default-arg","locations":[{"start":{"line":20,"column":24},"end":{"line":20,"column":46}}],"line":20},"3":{"loc":{"start":{"line":26,"column":14},"end":{"line":26,"column":40}},"type":"default-arg","locations":[{"start":{"line":26,"column":24},"end":{"line":26,"column":40}}],"line":26},"4":{"loc":{"start":{"line":32,"column":14},"end":{"line":32,"column":37}},"type":"default-arg","locations":[{"start":{"line":32,"column":24},"end":{"line":32,"column":37}}],"line":32}},"s":{"0":2,"1":2,"2":2,"3":2,"4":2,"5":2,"6":0,"7":0,"8":0,"9":1,"10":0,"11":1},"f":{"0":2,"1":0,"2":0,"3":1,"4":0,"5":1},"b":{"0":[2],"1":[2],"2":[0],"3":[1],"4":[0]},"meta":{"lastBranch":5,"lastFunction":6,"lastStatement":12,"seen":{"f:2:2:2:Infinity":0,"b:4:32:4:Infinity":0,"b:5:36:5:Infinity":1,"s:7:4:7:Infinity":0,"s:3:11:3:Infinity":1,"s:4:11:4:32":2,"s:5:11:5:36":3,"s:8:4:8:Infinity":4,"s:9:4:9:Infinity":5,"f:14:2:14:14":1,"s:15:4:15:Infinity":6,"s:14:38:14:54":7,"f:20:2:20:14":2,"b:20:24:20:46":2,"s:21:4:21:Infinity":8,"f:26:2:26:14":3,"b:26:24:26:40":3,"s:27:4:27:Infinity":9,"f:32:2:32:14":4,"b:32:24:32:37":4,"s:33:4:33:Infinity":10,"f:38:2:38:14":5,"s:39:4:39:Infinity":11}}}
}
